<?xml version="1.0" encoding="UTF-8" ?>
<testsuite errors="1" failures="0" hostname="DESKTOP-GDVHU2K" name="src.test.java.com.HelloworldTest" skipped="0" tests="1" time="0.0" timestamp="2023-04-30T10:50:09">
  <properties>
[...]
</properties>
  <error message="src.test.java.com.HelloworldTest" type="java.lang.ClassNotFoundException">java.lang.ClassNotFoundException: src.test.java.com.HelloworldTest
	at java.base/jdk.internal.loader.BuiltinClassLoader.loadClass(BuiltinClassLoader.java:581)
	at java.base/jdk.internal.loader.ClassLoaders$AppClassLoader.loadClass(ClassLoaders.java:178)
	at java.base/java.lang.ClassLoader.loadClass(ClassLoader.java:521)
	at java.base/java.lang.Class.forName0(Native Method)
	at java.base/java.lang.Class.forName(Class.java:398)
</error>
  <system-out><![CDATA[]]></system-out>
  <system-err><![CDATA[]]></system-err>
</testsuite>
